[2024-10-04 16:25:17] local.ERROR: syntax error, unexpected token "}", expecting ";" {"exception":"[object] (ParseError(code: 0): syntax error, unexpected token \"}\", expecting \";\" at C:\\Users\\suporteeco\\Documents\\vsc\\lar\\inicio-laravel-estudo\\hdcevents\\routes\\web.php:12)
[stacktrace]
#0 C:\\Users\\suporteeco\\Documents\\vsc\\lar\\inicio-laravel-estudo\\hdcevents\\vendor\\laravel\\framework\\src\\Illuminate\\Routing\\Router.php(513): Illuminate\\Routing\\RouteFileRegistrar->register()
#1 C:\\Users\\suporteeco\\Documents\\vsc\\lar\\inicio-laravel-estudo\\hdcevents\\vendor\\laravel\\framework\\src\\Illuminate\\Routing\\Router.php(467): Illuminate\\Routing\\Router->loadRoutes()
#2 C:\\Users\\suporteeco\\Documents\\vsc\\lar\\inicio-laravel-estudo\\hdcevents\\vendor\\laravel\\framework\\src\\Illuminate\\Routing\\RouteRegistrar.php(199): Illuminate\\Routing\\Router->group()
#3 C:\\Users\\suporteeco\\Documents\\vsc\\lar\\inicio-laravel-estudo\\hdcevents\\vendor\\laravel\\framework\\src\\Illuminate\\Foundation\\Configuration\\ApplicationBuilder.php(228): Illuminate\\Routing\\RouteRegistrar->group()
#4 C:\\Users\\suporteeco\\Documents\\vsc\\lar\\inicio-laravel-estudo\\hdcevents\\vendor\\laravel\\framework\\src\\Illuminate\\Container\\BoundMethod.php(36): Illuminate\\Foundation\\Configuration\\ApplicationBuilder->Illuminate\\Foundation\\Configuration\\{closure}()
#5 C:\\Users\\suporteeco\\Documents\\vsc\\lar\\inicio-laravel-estudo\\hdcevents\\vendor\\laravel\\framework\\src\\Illuminate\\Container\\Util.php(43): Illuminate\\Container\\BoundMethod::Illuminate\\Container\\{closure}()
#6 C:\\Users\\suporteeco\\Documents\\vsc\\lar\\inicio-laravel-estudo\\hdcevents\\vendor\\laravel\\framework\\src\\Illuminate\\Container\\BoundMethod.php(83): Illuminate\\Container\\Util::unwrapIfClosure()
#7 C:\\Users\\suporteeco\\Documents\\vsc\\lar\\inicio-laravel-estudo\\hdcevents\\vendor\\laravel\\framework\\src\\Illuminate\\Container\\BoundMethod.php(35): Illuminate\\Container\\BoundMethod::callBoundMethod()
#8 C:\\Users\\suporteeco\\Documents\\vsc\\lar\\inicio-laravel-estudo\\hdcevents\\vendor\\laravel\\framework\\src\\Illuminate\\Container\\Container.php(690): Illuminate\\Container\\BoundMethod::call()
#9 C:\\Users\\suporteeco\\Documents\\vsc\\lar\\inicio-laravel-estudo\\hdcevents\\vendor\\laravel\\framework\\src\\Illuminate\\Foundation\\Support\\Providers\\RouteServiceProvider.php(162): Illuminate\\Container\\Container->call()
#10 C:\\Users\\suporteeco\\Documents\\vsc\\lar\\inicio-laravel-estudo\\hdcevents\\vendor\\laravel\\framework\\src\\Illuminate\\Foundation\\Support\\Providers\\RouteServiceProvider.php(59): Illuminate\\Foundation\\Support\\Providers\\RouteServiceProvider->loadRoutes()
#11 C:\\Users\\suporteeco\\Documents\\vsc\\lar\\inicio-laravel-estudo\\hdcevents\\vendor\\laravel\\framework\\src\\Illuminate\\Container\\BoundMethod.php(36): Illuminate\\Foundation\\Support\\Providers\\RouteServiceProvider->Illuminate\\Foundation\\Support\\Providers\\{closure}()
#12 C:\\Users\\suporteeco\\Documents\\vsc\\lar\\inicio-laravel-estudo\\hdcevents\\vendor\\laravel\\framework\\src\\Illuminate\\Container\\Util.php(43): Illuminate\\Container\\BoundMethod::Illuminate\\Container\\{closure}()
#13 C:\\Users\\suporteeco\\Documents\\vsc\\lar\\inicio-laravel-estudo\\hdcevents\\vendor\\laravel\\framework\\src\\Illuminate\\Container\\BoundMethod.php(83): Illuminate\\Container\\Util::unwrapIfClosure()
#14 C:\\Users\\suporteeco\\Documents\\vsc\\lar\\inicio-laravel-estudo\\hdcevents\\vendor\\laravel\\framework\\src\\Illuminate\\Container\\BoundMethod.php(35): Illuminate\\Container\\BoundMethod::callBoundMethod()
#15 C:\\Users\\suporteeco\\Documents\\vsc\\lar\\inicio-laravel-estudo\\hdcevents\\vendor\\laravel\\framework\\src\\Illuminate\\Container\\Container.php(690): Illuminate\\Container\\BoundMethod::call()
#16 C:\\Users\\suporteeco\\Documents\\vsc\\lar\\inicio-laravel-estudo\\hdcevents\\vendor\\laravel\\framework\\src\\Illuminate\\Support\\ServiceProvider.php(130): Illuminate\\Container\\Container->call()
#17 C:\\Users\\suporteeco\\Documents\\vsc\\lar\\inicio-laravel-estudo\\hdcevents\\vendor\\laravel\\framework\\src\\Illuminate\\Foundation\\Application.php(1122): Illuminate\\Support\\ServiceProvider->callBootedCallbacks()
#18 C:\\Users\\suporteeco\\Documents\\vsc\\lar\\inicio-laravel-estudo\\hdcevents\\vendor\\laravel\\framework\\src\\Illuminate\\Foundation\\Application.php(1100): Illuminate\\Foundation\\Application->bootProvider()
#19 [internal function]: Illuminate\\Foundation\\Application->Illuminate\\Foundation\\{closure}()
#20 C:\\Users\\suporteeco\\Documents\\vsc\\lar\\inicio-laravel-estudo\\hdcevents\\vendor\\laravel\\framework\\src\\Illuminate\\Foundation\\Application.php(1099): array_walk()
#21 C:\\Users\\suporteeco\\Documents\\vsc\\lar\\inicio-laravel-estudo\\hdcevents\\vendor\\laravel\\framework\\src\\Illuminate\\Foundation\\Bootstrap\\BootProviders.php(17): Illuminate\\Foundation\\Application->boot()
#22 C:\\Users\\suporteeco\\Documents\\vsc\\lar\\inicio-laravel-estudo\\hdcevents\\vendor\\laravel\\framework\\src\\Illuminate\\Foundation\\Application.php(316): Illuminate\\Foundation\\Bootstrap\\BootProviders->bootstrap()
#23 C:\\Users\\suporteeco\\Documents\\vsc\\lar\\inicio-laravel-estudo\\hdcevents\\vendor\\laravel\\framework\\src\\Illuminate\\Foundation\\Http\\Kernel.php(187): Illuminate\\Foundation\\Application->bootstrapWith()
#24 C:\\Users\\suporteeco\\Documents\\vsc\\lar\\inicio-laravel-estudo\\hdcevents\\vendor\\laravel\\framework\\src\\Illuminate\\Foundation\\Http\\Kernel.php(171): Illuminate\\Foundation\\Http\\Kernel->bootstrap()
#25 C:\\Users\\suporteeco\\Documents\\vsc\\lar\\inicio-laravel-estudo\\hdcevents\\vendor\\laravel\\framework\\src\\Illuminate\\Foundation\\Http\\Kernel.php(145): Illuminate\\Foundation\\Http\\Kernel->sendRequestThroughRouter()
#26 C:\\Users\\suporteeco\\Documents\\vsc\\lar\\inicio-laravel-estudo\\hdcevents\\vendor\\laravel\\framework\\src\\Illuminate\\Foundation\\Application.php(1188): Illuminate\\Foundation\\Http\\Kernel->handle()
#27 C:\\Users\\suporteeco\\Documents\\vsc\\lar\\inicio-laravel-estudo\\hdcevents\\public\\index.php(17): Illuminate\\Foundation\\Application->handleRequest()
#28 C:\\Users\\suporteeco\\Documents\\vsc\\lar\\inicio-laravel-estudo\\hdcevents\\vendor\\laravel\\framework\\src\\Illuminate\\Foundation\\resources\\server.php(23): require_once('...')
#29 {main}
"} 
[2024-10-04 16:41:48] local.ERROR: Undefined variable $name (View: C:\Users\suporteeco\Documents\vsc\lar\inicio-laravel-estudo\hdcevents\resources\views\product.blade.php) {"exception":"[object] (Illuminate\\View\\ViewException(code: 0): Undefined variable $name (View: C:\\Users\\suporteeco\\Documents\\vsc\\lar\\inicio-laravel-estudo\\hdcevents\\resources\\views\\product.blade.php) at C:\\Users\\suporteeco\\Documents\\vsc\\lar\\inicio-laravel-estudo\\hdcevents\\storage\\framework\\views\\2b4a16805033e768fef6a232bb9c3070.php:3)
[stacktrace]
#0 C:\\Users\\suporteeco\\Documents\\vsc\\lar\\inicio-laravel-estudo\\hdcevents\\vendor\\laravel\\framework\\src\\Illuminate\\View\\Engines\\PhpEngine.php(60): Illuminate\\View\\Engines\\CompilerEngine->handleViewException()
#1 C:\\Users\\suporteeco\\Documents\\vsc\\lar\\inicio-laravel-estudo\\hdcevents\\vendor\\laravel\\framework\\src\\Illuminate\\View\\Engines\\CompilerEngine.php(74): Illuminate\\View\\Engines\\PhpEngine->evaluatePath()
#2 C:\\Users\\suporteeco\\Documents\\vsc\\lar\\inicio-laravel-estudo\\hdcevents\\vendor\\laravel\\framework\\src\\Illuminate\\View\\View.php(208): Illuminate\\View\\Engines\\CompilerEngine->get()
#3 C:\\Users\\suporteeco\\Documents\\vsc\\lar\\inicio-laravel-estudo\\hdcevents\\vendor\\laravel\\framework\\src\\Illuminate\\View\\View.php(191): Illuminate\\View\\View->getContents()
#4 C:\\Users\\suporteeco\\Documents\\vsc\\lar\\inicio-laravel-estudo\\hdcevents\\vendor\\laravel\\framework\\src\\Illuminate\\View\\View.php(160): Illuminate\\View\\View->renderContents()
#5 C:\\Users\\suporteeco\\Documents\\vsc\\lar\\inicio-laravel-estudo\\hdcevents\\vendor\\laravel\\framework\\src\\Illuminate\\Http\\Response.php(70): Illuminate\\View\\View->render()
#6 C:\\Users\\suporteeco\\Documents\\vsc\\lar\\inicio-laravel-estudo\\hdcevents\\vendor\\laravel\\framework\\src\\Illuminate\\Http\\Response.php(35): Illuminate\\Http\\Response->setContent()
#7 C:\\Users\\suporteeco\\Documents\\vsc\\lar\\inicio-laravel-estudo\\hdcevents\\vendor\\laravel\\framework\\src\\Illuminate\\Routing\\Router.php(920): Illuminate\\Http\\Response->__construct()
#8 C:\\Users\\suporteeco\\Documents\\vsc\\lar\\inicio-laravel-estudo\\hdcevents\\vendor\\laravel\\framework\\src\\Illuminate\\Routing\\Router.php(887): Illuminate\\Routing\\Router::toResponse()
#9 C:\\Users\\suporteeco\\Documents\\vsc\\lar\\inicio-laravel-estudo\\hdcevents\\vendor\\laravel\\framework\\src\\Illuminate\\Routing\\Router.php(807): Illuminate\\Routing\\Router->prepareResponse()
#10 C:\\Users\\suporteeco\\Documents\\vsc\\lar\\inicio-laravel-estudo\\hdcevents\\vendor\\laravel\\framework\\src\\Illuminate\\Pipeline\\Pipeline.php(144): Illuminate\\Routing\\Router->Illuminate\\Routing\\{closure}()
#11 C:\\Users\\suporteeco\\Documents\\vsc\\lar\\inicio-laravel-estudo\\hdcevents\\vendor\\laravel\\framework\\src\\Illuminate\\Routing\\Middleware\\SubstituteBindings.php(51): Illuminate\\Pipeline\\Pipeline->Illuminate\\Pipeline\\{closure}()
#12 C:\\Users\\suporteeco\\Documents\\vsc\\lar\\inicio-laravel-estudo\\hdcevents\\vendor\\laravel\\framework\\src\\Illuminate\\Pipeline\\Pipeline.php(183): Illuminate\\Routing\\Middleware\\SubstituteBindings->handle()
#13 C:\\Users\\suporteeco\\Documents\\vsc\\lar\\inicio-laravel-estudo\\hdcevents\\vendor\\laravel\\framework\\src\\Illuminate\\Foundation\\Http\\Middleware\\VerifyCsrfToken.php(88): Illuminate\\Pipeline\\Pipeline->Illuminate\\Pipeline\\{closure}()
#14 C:\\Users\\suporteeco\\Documents\\vsc\\lar\\inicio-laravel-estudo\\hdcevents\\vendor\\laravel\\framework\\src\\Illuminate\\Pipeline\\Pipeline.php(183): Illuminate\\Foundation\\Http\\Middleware\\VerifyCsrfToken->handle()
#15 C:\\Users\\suporteeco\\Documents\\vsc\\lar\\inicio-laravel-estudo\\hdcevents\\vendor\\laravel\\framework\\src\\Illuminate\\View\\Middleware\\ShareErrorsFromSession.php(49): Illuminate\\Pipeline\\Pipeline->Illuminate\\Pipeline\\{closure}()
#16 C:\\Users\\suporteeco\\Documents\\vsc\\lar\\inicio-laravel-estudo\\hdcevents\\vendor\\laravel\\framework\\src\\Illuminate\\Pipeline\\Pipeline.php(183): Illuminate\\View\\Middleware\\ShareErrorsFromSession->handle()
#17 C:\\Users\\suporteeco\\Documents\\vsc\\lar\\inicio-laravel-estudo\\hdcevents\\vendor\\laravel\\framework\\src\\Illuminate\\Session\\Middleware\\StartSession.php(121): Illuminate\\Pipeline\\Pipeline->Illuminate\\Pipeline\\{closure}()
#18 C:\\Users\\suporteeco\\Documents\\vsc\\lar\\inicio-laravel-estudo\\hdcevents\\vendor\\laravel\\framework\\src\\Illuminate\\Session\\Middleware\\StartSession.php(64): Illuminate\\Session\\Middleware\\StartSession->handleStatefulRequest()
#19 C:\\Users\\suporteeco\\Documents\\vsc\\lar\\inicio-laravel-estudo\\hdcevents\\vendor\\laravel\\framework\\src\\Illuminate\\Pipeline\\Pipeline.php(183): Illuminate\\Session\\Middleware\\StartSession->handle()
#20 C:\\Users\\suporteeco\\Documents\\vsc\\lar\\inicio-laravel-estudo\\hdcevents\\vendor\\laravel\\framework\\src\\Illuminate\\Cookie\\Middleware\\AddQueuedCookiesToResponse.php(37): Illuminate\\Pipeline\\Pipeline->Illuminate\\Pipeline\\{closure}()
#21 C:\\Users\\suporteeco\\Documents\\vsc\\lar\\inicio-laravel-estudo\\hdcevents\\vendor\\laravel\\framework\\src\\Illuminate\\Pipeline\\Pipeline.php(183): Illuminate\\Cookie\\Middleware\\AddQueuedCookiesToResponse->handle()
#22 C:\\Users\\suporteeco\\Documents\\vsc\\lar\\inicio-laravel-estudo\\hdcevents\\vendor\\laravel\\framework\\src\\Illuminate\\Cookie\\Middleware\\EncryptCookies.php(75): Illuminate\\Pipeline\\Pipeline->Illuminate\\Pipeline\\{closure}()
#23 C:\\Users\\suporteeco\\Documents\\vsc\\lar\\inicio-laravel-estudo\\hdcevents\\vendor\\laravel\\framework\\src\\Illuminate\\Pipeline\\Pipeline.php(183): Illuminate\\Cookie\\Middleware\\EncryptCookies->handle()
#24 C:\\Users\\suporteeco\\Documents\\vsc\\lar\\inicio-laravel-estudo\\hdcevents\\vendor\\laravel\\framework\\src\\Illuminate\\Pipeline\\Pipeline.php(119): Illuminate\\Pipeline\\Pipeline->Illuminate\\Pipeline\\{closure}()
#25 C:\\Users\\suporteeco\\Documents\\vsc\\lar\\inicio-laravel-estudo\\hdcevents\\vendor\\laravel\\framework\\src\\Illuminate\\Routing\\Router.php(807): Illuminate\\Pipeline\\Pipeline->then()
#26 C:\\Users\\suporteeco\\Documents\\vsc\\lar\\inicio-laravel-estudo\\hdcevents\\vendor\\laravel\\framework\\src\\Illuminate\\Routing\\Router.php(786): Illuminate\\Routing\\Router->runRouteWithinStack()
#27 C:\\Users\\suporteeco\\Documents\\vsc\\lar\\inicio-laravel-estudo\\hdcevents\\vendor\\laravel\\framework\\src\\Illuminate\\Routing\\Router.php(750): Illuminate\\Routing\\Router->runRoute()
#28 C:\\Users\\suporteeco\\Documents\\vsc\\lar\\inicio-laravel-estudo\\hdcevents\\vendor\\laravel\\framework\\src\\Illuminate\\Routing\\Router.php(739): Illuminate\\Routing\\Router->dispatchToRoute()
#29 C:\\Users\\suporteeco\\Documents\\vsc\\lar\\inicio-laravel-estudo\\hdcevents\\vendor\\laravel\\framework\\src\\Illuminate\\Foundation\\Http\\Kernel.php(201): Illuminate\\Routing\\Router->dispatch()
#30 C:\\Users\\suporteeco\\Documents\\vsc\\lar\\inicio-laravel-estudo\\hdcevents\\vendor\\laravel\\framework\\src\\Illuminate\\Pipeline\\Pipeline.php(144): Illuminate\\Foundation\\Http\\Kernel->Illuminate\\Foundation\\Http\\{closure}()
#31 C:\\Users\\suporteeco\\Documents\\vsc\\lar\\inicio-laravel-estudo\\hdcevents\\vendor\\laravel\\framework\\src\\Illuminate\\Foundation\\Http\\Middleware\\TransformsRequest.php(21): Illuminate\\Pipeline\\Pipeline->Illuminate\\Pipeline\\{closure}()
#32 C:\\Users\\suporteeco\\Documents\\vsc\\lar\\inicio-laravel-estudo\\hdcevents\\vendor\\laravel\\framework\\src\\Illuminate\\Foundation\\Http\\Middleware\\ConvertEmptyStringsToNull.php(31): Illuminate\\Foundation\\Http\\Middleware\\TransformsRequest->handle()
#33 C:\\Users\\suporteeco\\Documents\\vsc\\lar\\inicio-laravel-estudo\\hdcevents\\vendor\\laravel\\framework\\src\\Illuminate\\Pipeline\\Pipeline.php(183): Illuminate\\Foundation\\Http\\Middleware\\ConvertEmptyStringsToNull->handle()
#34 C:\\Users\\suporteeco\\Documents\\vsc\\lar\\inicio-laravel-estudo\\hdcevents\\vendor\\laravel\\framework\\src\\Illuminate\\Foundation\\Http\\Middleware\\TransformsRequest.php(21): Illuminate\\Pipeline\\Pipeline->Illuminate\\Pipeline\\{closure}()
#35 C:\\Users\\suporteeco\\Documents\\vsc\\lar\\inicio-laravel-estudo\\hdcevents\\vendor\\laravel\\framework\\src\\Illuminate\\Foundation\\Http\\Middleware\\TrimStrings.php(51): Illuminate\\Foundation\\Http\\Middleware\\TransformsRequest->handle()
#36 C:\\Users\\suporteeco\\Documents\\vsc\\lar\\inicio-laravel-estudo\\hdcevents\\vendor\\laravel\\framework\\src\\Illuminate\\Pipeline\\Pipeline.php(183): Illuminate\\Foundation\\Http\\Middleware\\TrimStrings->handle()
#37 C:\\Users\\suporteeco\\Documents\\vsc\\lar\\inicio-laravel-estudo\\hdcevents\\vendor\\laravel\\framework\\src\\Illuminate\\Http\\Middleware\\ValidatePostSize.php(27): Illuminate\\Pipeline\\Pipeline->Illuminate\\Pipeline\\{closure}()
#38 C:\\Users\\suporteeco\\Documents\\vsc\\lar\\inicio-laravel-estudo\\hdcevents\\vendor\\laravel\\framework\\src\\Illuminate\\Pipeline\\Pipeline.php(183): Illuminate\\Http\\Middleware\\ValidatePostSize->handle()
#39 C:\\Users\\suporteeco\\Documents\\vsc\\lar\\inicio-laravel-estudo\\hdcevents\\vendor\\laravel\\framework\\src\\Illuminate\\Foundation\\Http\\Middleware\\PreventRequestsDuringMaintenance.php(110): Illuminate\\Pipeline\\Pipeline->Illuminate\\Pipeline\\{closure}()
#40 C:\\Users\\suporteeco\\Documents\\vsc\\lar\\inicio-laravel-estudo\\hdcevents\\vendor\\laravel\\framework\\src\\Illuminate\\Pipeline\\Pipeline.php(183): Illuminate\\Foundation\\Http\\Middleware\\PreventRequestsDuringMaintenance->handle()
#41 C:\\Users\\suporteeco\\Documents\\vsc\\lar\\inicio-laravel-estudo\\hdcevents\\vendor\\laravel\\framework\\src\\Illuminate\\Http\\Middleware\\HandleCors.php(49): Illuminate\\Pipeline\\Pipeline->Illuminate\\Pipeline\\{closure}()
#42 C:\\Users\\suporteeco\\Documents\\vsc\\lar\\inicio-laravel-estudo\\hdcevents\\vendor\\laravel\\framework\\src\\Illuminate\\Pipeline\\Pipeline.php(183): Illuminate\\Http\\Middleware\\HandleCors->handle()
#43 C:\\Users\\suporteeco\\Documents\\vsc\\lar\\inicio-laravel-estudo\\hdcevents\\vendor\\laravel\\framework\\src\\Illuminate\\Http\\Middleware\\TrustProxies.php(58): Illuminate\\Pipeline\\Pipeline->Illuminate\\Pipeline\\{closure}()
#44 C:\\Users\\suporteeco\\Documents\\vsc\\lar\\inicio-laravel-estudo\\hdcevents\\vendor\\laravel\\framework\\src\\Illuminate\\Pipeline\\Pipeline.php(183): Illuminate\\Http\\Middleware\\TrustProxies->handle()
#45 C:\\Users\\suporteeco\\Documents\\vsc\\lar\\inicio-laravel-estudo\\hdcevents\\vendor\\laravel\\framework\\src\\Illuminate\\Foundation\\Http\\Middleware\\InvokeDeferredCallbacks.php(22): Illuminate\\Pipeline\\Pipeline->Illuminate\\Pipeline\\{closure}()
#46 C:\\Users\\suporteeco\\Documents\\vsc\\lar\\inicio-laravel-estudo\\hdcevents\\vendor\\laravel\\framework\\src\\Illuminate\\Pipeline\\Pipeline.php(183): Illuminate\\Foundation\\Http\\Middleware\\InvokeDeferredCallbacks->handle()
#47 C:\\Users\\suporteeco\\Documents\\vsc\\lar\\inicio-laravel-estudo\\hdcevents\\vendor\\laravel\\framework\\src\\Illuminate\\Pipeline\\Pipeline.php(119): Illuminate\\Pipeline\\Pipeline->Illuminate\\Pipeline\\{closure}()
#48 C:\\Users\\suporteeco\\Documents\\vsc\\lar\\inicio-laravel-estudo\\hdcevents\\vendor\\laravel\\framework\\src\\Illuminate\\Foundation\\Http\\Kernel.php(176): Illuminate\\Pipeline\\Pipeline->then()
#49 C:\\Users\\suporteeco\\Documents\\vsc\\lar\\inicio-laravel-estudo\\hdcevents\\vendor\\laravel\\framework\\src\\Illuminate\\Foundation\\Http\\Kernel.php(145): Illuminate\\Foundation\\Http\\Kernel->sendRequestThroughRouter()
#50 C:\\Users\\suporteeco\\Documents\\vsc\\lar\\inicio-laravel-estudo\\hdcevents\\vendor\\laravel\\framework\\src\\Illuminate\\Foundation\\Application.php(1188): Illuminate\\Foundation\\Http\\Kernel->handle()
#51 C:\\Users\\suporteeco\\Documents\\vsc\\lar\\inicio-laravel-estudo\\hdcevents\\public\\index.php(17): Illuminate\\Foundation\\Application->handleRequest()
#52 C:\\Users\\suporteeco\\Documents\\vsc\\lar\\inicio-laravel-estudo\\hdcevents\\vendor\\laravel\\framework\\src\\Illuminate\\Foundation\\resources\\server.php(23): require_once('...')
#53 {main}

[previous exception] [object] (ErrorException(code: 0): Undefined variable $name at C:\\Users\\suporteeco\\Documents\\vsc\\lar\\inicio-laravel-estudo\\hdcevents\\storage\\framework\\views\\2b4a16805033e768fef6a232bb9c3070.php:3)
[stacktrace]
#0 C:\\Users\\suporteeco\\Documents\\vsc\\lar\\inicio-laravel-estudo\\hdcevents\\vendor\\laravel\\framework\\src\\Illuminate\\Foundation\\Bootstrap\\HandleExceptions.php(256): Illuminate\\Foundation\\Bootstrap\\HandleExceptions->handleError()
#1 C:\\Users\\suporteeco\\Documents\\vsc\\lar\\inicio-laravel-estudo\\hdcevents\\storage\\framework\\views\\2b4a16805033e768fef6a232bb9c3070.php(3): Illuminate\\Foundation\\Bootstrap\\HandleExceptions->Illuminate\\Foundation\\Bootstrap\\{closure}()
#2 C:\\Users\\suporteeco\\Documents\\vsc\\lar\\inicio-laravel-estudo\\hdcevents\\vendor\\laravel\\framework\\src\\Illuminate\\Filesystem\\Filesystem.php(123): require('...')
#3 C:\\Users\\suporteeco\\Documents\\vsc\\lar\\inicio-laravel-estudo\\hdcevents\\vendor\\laravel\\framework\\src\\Illuminate\\Filesystem\\Filesystem.php(124): Illuminate\\Filesystem\\Filesystem::Illuminate\\Filesystem\\{closure}()
#4 C:\\Users\\suporteeco\\Documents\\vsc\\lar\\inicio-laravel-estudo\\hdcevents\\vendor\\laravel\\framework\\src\\Illuminate\\View\\Engines\\PhpEngine.php(58): Illuminate\\Filesystem\\Filesystem->getRequire()
#5 C:\\Users\\suporteeco\\Documents\\vsc\\lar\\inicio-laravel-estudo\\hdcevents\\vendor\\laravel\\framework\\src\\Illuminate\\View\\Engines\\CompilerEngine.php(74): Illuminate\\View\\Engines\\PhpEngine->evaluatePath()
#6 C:\\Users\\suporteeco\\Documents\\vsc\\lar\\inicio-laravel-estudo\\hdcevents\\vendor\\laravel\\framework\\src\\Illuminate\\View\\View.php(208): Illuminate\\View\\Engines\\CompilerEngine->get()
#7 C:\\Users\\suporteeco\\Documents\\vsc\\lar\\inicio-laravel-estudo\\hdcevents\\vendor\\laravel\\framework\\src\\Illuminate\\View\\View.php(191): Illuminate\\View\\View->getContents()
#8 C:\\Users\\suporteeco\\Documents\\vsc\\lar\\inicio-laravel-estudo\\hdcevents\\vendor\\laravel\\framework\\src\\Illuminate\\View\\View.php(160): Illuminate\\View\\View->renderContents()
#9 C:\\Users\\suporteeco\\Documents\\vsc\\lar\\inicio-laravel-estudo\\hdcevents\\vendor\\laravel\\framework\\src\\Illuminate\\Http\\Response.php(70): Illuminate\\View\\View->render()
#10 C:\\Users\\suporteeco\\Documents\\vsc\\lar\\inicio-laravel-estudo\\hdcevents\\vendor\\laravel\\framework\\src\\Illuminate\\Http\\Response.php(35): Illuminate\\Http\\Response->setContent()
#11 C:\\Users\\suporteeco\\Documents\\vsc\\lar\\inicio-laravel-estudo\\hdcevents\\vendor\\laravel\\framework\\src\\Illuminate\\Routing\\Router.php(920): Illuminate\\Http\\Response->__construct()
#12 C:\\Users\\suporteeco\\Documents\\vsc\\lar\\inicio-laravel-estudo\\hdcevents\\vendor\\laravel\\framework\\src\\Illuminate\\Routing\\Router.php(887): Illuminate\\Routing\\Router::toResponse()
#13 C:\\Users\\suporteeco\\Documents\\vsc\\lar\\inicio-laravel-estudo\\hdcevents\\vendor\\laravel\\framework\\src\\Illuminate\\Routing\\Router.php(807): Illuminate\\Routing\\Router->prepareResponse()
#14 C:\\Users\\suporteeco\\Documents\\vsc\\lar\\inicio-laravel-estudo\\hdcevents\\vendor\\laravel\\framework\\src\\Illuminate\\Pipeline\\Pipeline.php(144): Illuminate\\Routing\\Router->Illuminate\\Routing\\{closure}()
#15 C:\\Users\\suporteeco\\Documents\\vsc\\lar\\inicio-laravel-estudo\\hdcevents\\vendor\\laravel\\framework\\src\\Illuminate\\Routing\\Middleware\\SubstituteBindings.php(51): Illuminate\\Pipeline\\Pipeline->Illuminate\\Pipeline\\{closure}()
#16 C:\\Users\\suporteeco\\Documents\\vsc\\lar\\inicio-laravel-estudo\\hdcevents\\vendor\\laravel\\framework\\src\\Illuminate\\Pipeline\\Pipeline.php(183): Illuminate\\Routing\\Middleware\\SubstituteBindings->handle()
#17 C:\\Users\\suporteeco\\Documents\\vsc\\lar\\inicio-laravel-estudo\\hdcevents\\vendor\\laravel\\framework\\src\\Illuminate\\Foundation\\Http\\Middleware\\VerifyCsrfToken.php(88): Illuminate\\Pipeline\\Pipeline->Illuminate\\Pipeline\\{closure}()
#18 C:\\Users\\suporteeco\\Documents\\vsc\\lar\\inicio-laravel-estudo\\hdcevents\\vendor\\laravel\\framework\\src\\Illuminate\\Pipeline\\Pipeline.php(183): Illuminate\\Foundation\\Http\\Middleware\\VerifyCsrfToken->handle()
#19 C:\\Users\\suporteeco\\Documents\\vsc\\lar\\inicio-laravel-estudo\\hdcevents\\vendor\\laravel\\framework\\src\\Illuminate\\View\\Middleware\\ShareErrorsFromSession.php(49): Illuminate\\Pipeline\\Pipeline->Illuminate\\Pipeline\\{closure}()
#20 C:\\Users\\suporteeco\\Documents\\vsc\\lar\\inicio-laravel-estudo\\hdcevents\\vendor\\laravel\\framework\\src\\Illuminate\\Pipeline\\Pipeline.php(183): Illuminate\\View\\Middleware\\ShareErrorsFromSession->handle()
#21 C:\\Users\\suporteeco\\Documents\\vsc\\lar\\inicio-laravel-estudo\\hdcevents\\vendor\\laravel\\framework\\src\\Illuminate\\Session\\Middleware\\StartSession.php(121): Illuminate\\Pipeline\\Pipeline->Illuminate\\Pipeline\\{closure}()
#22 C:\\Users\\suporteeco\\Documents\\vsc\\lar\\inicio-laravel-estudo\\hdcevents\\vendor\\laravel\\framework\\src\\Illuminate\\Session\\Middleware\\StartSession.php(64): Illuminate\\Session\\Middleware\\StartSession->handleStatefulRequest()
#23 C:\\Users\\suporteeco\\Documents\\vsc\\lar\\inicio-laravel-estudo\\hdcevents\\vendor\\laravel\\framework\\src\\Illuminate\\Pipeline\\Pipeline.php(183): Illuminate\\Session\\Middleware\\StartSession->handle()
#24 C:\\Users\\suporteeco\\Documents\\vsc\\lar\\inicio-laravel-estudo\\hdcevents\\vendor\\laravel\\framework\\src\\Illuminate\\Cookie\\Middleware\\AddQueuedCookiesToResponse.php(37): Illuminate\\Pipeline\\Pipeline->Illuminate\\Pipeline\\{closure}()
#25 C:\\Users\\suporteeco\\Documents\\vsc\\lar\\inicio-laravel-estudo\\hdcevents\\vendor\\laravel\\framework\\src\\Illuminate\\Pipeline\\Pipeline.php(183): Illuminate\\Cookie\\Middleware\\AddQueuedCookiesToResponse->handle()
#26 C:\\Users\\suporteeco\\Documents\\vsc\\lar\\inicio-laravel-estudo\\hdcevents\\vendor\\laravel\\framework\\src\\Illuminate\\Cookie\\Middleware\\EncryptCookies.php(75): Illuminate\\Pipeline\\Pipeline->Illuminate\\Pipeline\\{closure}()
#27 C:\\Users\\suporteeco\\Documents\\vsc\\lar\\inicio-laravel-estudo\\hdcevents\\vendor\\laravel\\framework\\src\\Illuminate\\Pipeline\\Pipeline.php(183): Illuminate\\Cookie\\Middleware\\EncryptCookies->handle()
#28 C:\\Users\\suporteeco\\Documents\\vsc\\lar\\inicio-laravel-estudo\\hdcevents\\vendor\\laravel\\framework\\src\\Illuminate\\Pipeline\\Pipeline.php(119): Illuminate\\Pipeline\\Pipeline->Illuminate\\Pipeline\\{closure}()
#29 C:\\Users\\suporteeco\\Documents\\vsc\\lar\\inicio-laravel-estudo\\hdcevents\\vendor\\laravel\\framework\\src\\Illuminate\\Routing\\Router.php(807): Illuminate\\Pipeline\\Pipeline->then()
#30 C:\\Users\\suporteeco\\Documents\\vsc\\lar\\inicio-laravel-estudo\\hdcevents\\vendor\\laravel\\framework\\src\\Illuminate\\Routing\\Router.php(786): Illuminate\\Routing\\Router->runRouteWithinStack()
#31 C:\\Users\\suporteeco\\Documents\\vsc\\lar\\inicio-laravel-estudo\\hdcevents\\vendor\\laravel\\framework\\src\\Illuminate\\Routing\\Router.php(750): Illuminate\\Routing\\Router->runRoute()
#32 C:\\Users\\suporteeco\\Documents\\vsc\\lar\\inicio-laravel-estudo\\hdcevents\\vendor\\laravel\\framework\\src\\Illuminate\\Routing\\Router.php(739): Illuminate\\Routing\\Router->dispatchToRoute()
#33 C:\\Users\\suporteeco\\Documents\\vsc\\lar\\inicio-laravel-estudo\\hdcevents\\vendor\\laravel\\framework\\src\\Illuminate\\Foundation\\Http\\Kernel.php(201): Illuminate\\Routing\\Router->dispatch()
#34 C:\\Users\\suporteeco\\Documents\\vsc\\lar\\inicio-laravel-estudo\\hdcevents\\vendor\\laravel\\framework\\src\\Illuminate\\Pipeline\\Pipeline.php(144): Illuminate\\Foundation\\Http\\Kernel->Illuminate\\Foundation\\Http\\{closure}()
#35 C:\\Users\\suporteeco\\Documents\\vsc\\lar\\inicio-laravel-estudo\\hdcevents\\vendor\\laravel\\framework\\src\\Illuminate\\Foundation\\Http\\Middleware\\TransformsRequest.php(21): Illuminate\\Pipeline\\Pipeline->Illuminate\\Pipeline\\{closure}()
#36 C:\\Users\\suporteeco\\Documents\\vsc\\lar\\inicio-laravel-estudo\\hdcevents\\vendor\\laravel\\framework\\src\\Illuminate\\Foundation\\Http\\Middleware\\ConvertEmptyStringsToNull.php(31): Illuminate\\Foundation\\Http\\Middleware\\TransformsRequest->handle()
#37 C:\\Users\\suporteeco\\Documents\\vsc\\lar\\inicio-laravel-estudo\\hdcevents\\vendor\\laravel\\framework\\src\\Illuminate\\Pipeline\\Pipeline.php(183): Illuminate\\Foundation\\Http\\Middleware\\ConvertEmptyStringsToNull->handle()
#38 C:\\Users\\suporteeco\\Documents\\vsc\\lar\\inicio-laravel-estudo\\hdcevents\\vendor\\laravel\\framework\\src\\Illuminate\\Foundation\\Http\\Middleware\\TransformsRequest.php(21): Illuminate\\Pipeline\\Pipeline->Illuminate\\Pipeline\\{closure}()
#39 C:\\Users\\suporteeco\\Documents\\vsc\\lar\\inicio-laravel-estudo\\hdcevents\\vendor\\laravel\\framework\\src\\Illuminate\\Foundation\\Http\\Middleware\\TrimStrings.php(51): Illuminate\\Foundation\\Http\\Middleware\\TransformsRequest->handle()
#40 C:\\Users\\suporteeco\\Documents\\vsc\\lar\\inicio-laravel-estudo\\hdcevents\\vendor\\laravel\\framework\\src\\Illuminate\\Pipeline\\Pipeline.php(183): Illuminate\\Foundation\\Http\\Middleware\\TrimStrings->handle()
#41 C:\\Users\\suporteeco\\Documents\\vsc\\lar\\inicio-laravel-estudo\\hdcevents\\vendor\\laravel\\framework\\src\\Illuminate\\Http\\Middleware\\ValidatePostSize.php(27): Illuminate\\Pipeline\\Pipeline->Illuminate\\Pipeline\\{closure}()
#42 C:\\Users\\suporteeco\\Documents\\vsc\\lar\\inicio-laravel-estudo\\hdcevents\\vendor\\laravel\\framework\\src\\Illuminate\\Pipeline\\Pipeline.php(183): Illuminate\\Http\\Middleware\\ValidatePostSize->handle()
#43 C:\\Users\\suporteeco\\Documents\\vsc\\lar\\inicio-laravel-estudo\\hdcevents\\vendor\\laravel\\framework\\src\\Illuminate\\Foundation\\Http\\Middleware\\PreventRequestsDuringMaintenance.php(110): Illuminate\\Pipeline\\Pipeline->Illuminate\\Pipeline\\{closure}()
#44 C:\\Users\\suporteeco\\Documents\\vsc\\lar\\inicio-laravel-estudo\\hdcevents\\vendor\\laravel\\framework\\src\\Illuminate\\Pipeline\\Pipeline.php(183): Illuminate\\Foundation\\Http\\Middleware\\PreventRequestsDuringMaintenance->handle()
#45 C:\\Users\\suporteeco\\Documents\\vsc\\lar\\inicio-laravel-estudo\\hdcevents\\vendor\\laravel\\framework\\src\\Illuminate\\Http\\Middleware\\HandleCors.php(49): Illuminate\\Pipeline\\Pipeline->Illuminate\\Pipeline\\{closure}()
#46 C:\\Users\\suporteeco\\Documents\\vsc\\lar\\inicio-laravel-estudo\\hdcevents\\vendor\\laravel\\framework\\src\\Illuminate\\Pipeline\\Pipeline.php(183): Illuminate\\Http\\Middleware\\HandleCors->handle()
#47 C:\\Users\\suporteeco\\Documents\\vsc\\lar\\inicio-laravel-estudo\\hdcevents\\vendor\\laravel\\framework\\src\\Illuminate\\Http\\Middleware\\TrustProxies.php(58): Illuminate\\Pipeline\\Pipeline->Illuminate\\Pipeline\\{closure}()
#48 C:\\Users\\suporteeco\\Documents\\vsc\\lar\\inicio-laravel-estudo\\hdcevents\\vendor\\laravel\\framework\\src\\Illuminate\\Pipeline\\Pipeline.php(183): Illuminate\\Http\\Middleware\\TrustProxies->handle()
#49 C:\\Users\\suporteeco\\Documents\\vsc\\lar\\inicio-laravel-estudo\\hdcevents\\vendor\\laravel\\framework\\src\\Illuminate\\Foundation\\Http\\Middleware\\InvokeDeferredCallbacks.php(22): Illuminate\\Pipeline\\Pipeline->Illuminate\\Pipeline\\{closure}()
#50 C:\\Users\\suporteeco\\Documents\\vsc\\lar\\inicio-laravel-estudo\\hdcevents\\vendor\\laravel\\framework\\src\\Illuminate\\Pipeline\\Pipeline.php(183): Illuminate\\Foundation\\Http\\Middleware\\InvokeDeferredCallbacks->handle()
#51 C:\\Users\\suporteeco\\Documents\\vsc\\lar\\inicio-laravel-estudo\\hdcevents\\vendor\\laravel\\framework\\src\\Illuminate\\Pipeline\\Pipeline.php(119): Illuminate\\Pipeline\\Pipeline->Illuminate\\Pipeline\\{closure}()
#52 C:\\Users\\suporteeco\\Documents\\vsc\\lar\\inicio-laravel-estudo\\hdcevents\\vendor\\laravel\\framework\\src\\Illuminate\\Foundation\\Http\\Kernel.php(176): Illuminate\\Pipeline\\Pipeline->then()
#53 C:\\Users\\suporteeco\\Documents\\vsc\\lar\\inicio-laravel-estudo\\hdcevents\\vendor\\laravel\\framework\\src\\Illuminate\\Foundation\\Http\\Kernel.php(145): Illuminate\\Foundation\\Http\\Kernel->sendRequestThroughRouter()
#54 C:\\Users\\suporteeco\\Documents\\vsc\\lar\\inicio-laravel-estudo\\hdcevents\\vendor\\laravel\\framework\\src\\Illuminate\\Foundation\\Application.php(1188): Illuminate\\Foundation\\Http\\Kernel->handle()
#55 C:\\Users\\suporteeco\\Documents\\vsc\\lar\\inicio-laravel-estudo\\hdcevents\\public\\index.php(17): Illuminate\\Foundation\\Application->handleRequest()
#56 C:\\Users\\suporteeco\\Documents\\vsc\\lar\\inicio-laravel-estudo\\hdcevents\\vendor\\laravel\\framework\\src\\Illuminate\\Foundation\\resources\\server.php(23): require_once('...')
#57 {main}
"} 
[2024-10-04 16:58:08] local.ERROR: array_merge(): Argument #1 must be of type array, int given {"exception":"[object] (TypeError(code: 0): array_merge(): Argument #1 must be of type array, int given at C:\\Users\\suporteeco\\Documents\\vsc\\lar\\inicio-laravel-estudo\\hdcevents\\vendor\\laravel\\framework\\src\\Illuminate\\View\\Factory.php:158)
[stacktrace]
#0 C:\\Users\\suporteeco\\Documents\\vsc\\lar\\inicio-laravel-estudo\\hdcevents\\vendor\\laravel\\framework\\src\\Illuminate\\View\\Factory.php(158): array_merge()
#1 C:\\Users\\suporteeco\\Documents\\vsc\\lar\\inicio-laravel-estudo\\hdcevents\\vendor\\laravel\\framework\\src\\Illuminate\\Foundation\\helpers.php(1062): Illuminate\\View\\Factory->make()
#2 C:\\Users\\suporteeco\\Documents\\vsc\\lar\\inicio-laravel-estudo\\hdcevents\\routes\\web.php(23): view()
#3 C:\\Users\\suporteeco\\Documents\\vsc\\lar\\inicio-laravel-estudo\\hdcevents\\vendor\\laravel\\framework\\src\\Illuminate\\Routing\\CallableDispatcher.php(40): Illuminate\\Routing\\RouteFileRegistrar->{closure}()
#4 C:\\Users\\suporteeco\\Documents\\vsc\\lar\\inicio-laravel-estudo\\hdcevents\\vendor\\laravel\\framework\\src\\Illuminate\\Routing\\Route.php(240): Illuminate\\Routing\\CallableDispatcher->dispatch()
#5 C:\\Users\\suporteeco\\Documents\\vsc\\lar\\inicio-laravel-estudo\\hdcevents\\vendor\\laravel\\framework\\src\\Illuminate\\Routing\\Route.php(211): Illuminate\\Routing\\Route->runCallable()
#6 C:\\Users\\suporteeco\\Documents\\vsc\\lar\\inicio-laravel-estudo\\hdcevents\\vendor\\laravel\\framework\\src\\Illuminate\\Routing\\Router.php(808): Illuminate\\Routing\\Route->run()
#7 C:\\Users\\suporteeco\\Documents\\vsc\\lar\\inicio-laravel-estudo\\hdcevents\\vendor\\laravel\\framework\\src\\Illuminate\\Pipeline\\Pipeline.php(144): Illuminate\\Routing\\Router->Illuminate\\Routing\\{closure}()
#8 C:\\Users\\suporteeco\\Documents\\vsc\\lar\\inicio-laravel-estudo\\hdcevents\\vendor\\laravel\\framework\\src\\Illuminate\\Routing\\Middleware\\SubstituteBindings.php(51): Illuminate\\Pipeline\\Pipeline->Illuminate\\Pipeline\\{closure}()
#9 C:\\Users\\suporteeco\\Documents\\vsc\\lar\\inicio-laravel-estudo\\hdcevents\\vendor\\laravel\\framework\\src\\Illuminate\\Pipeline\\Pipeline.php(183): Illuminate\\Routing\\Middleware\\SubstituteBindings->handle()
#10 C:\\Users\\suporteeco\\Documents\\vsc\\lar\\inicio-laravel-estudo\\hdcevents\\vendor\\laravel\\framework\\src\\Illuminate\\Foundation\\Http\\Middleware\\VerifyCsrfToken.php(88): Illuminate\\Pipeline\\Pipeline->Illuminate\\Pipeline\\{closure}()
#11 C:\\Users\\suporteeco\\Documents\\vsc\\lar\\inicio-laravel-estudo\\hdcevents\\vendor\\laravel\\framework\\src\\Illuminate\\Pipeline\\Pipeline.php(183): Illuminate\\Foundation\\Http\\Middleware\\VerifyCsrfToken->handle()
#12 C:\\Users\\suporteeco\\Documents\\vsc\\lar\\inicio-laravel-estudo\\hdcevents\\vendor\\laravel\\framework\\src\\Illuminate\\View\\Middleware\\ShareErrorsFromSession.php(49): Illuminate\\Pipeline\\Pipeline->Illuminate\\Pipeline\\{closure}()
#13 C:\\Users\\suporteeco\\Documents\\vsc\\lar\\inicio-laravel-estudo\\hdcevents\\vendor\\laravel\\framework\\src\\Illuminate\\Pipeline\\Pipeline.php(183): Illuminate\\View\\Middleware\\ShareErrorsFromSession->handle()
#14 C:\\Users\\suporteeco\\Documents\\vsc\\lar\\inicio-laravel-estudo\\hdcevents\\vendor\\laravel\\framework\\src\\Illuminate\\Session\\Middleware\\StartSession.php(121): Illuminate\\Pipeline\\Pipeline->Illuminate\\Pipeline\\{closure}()
#15 C:\\Users\\suporteeco\\Documents\\vsc\\lar\\inicio-laravel-estudo\\hdcevents\\vendor\\laravel\\framework\\src\\Illuminate\\Session\\Middleware\\StartSession.php(64): Illuminate\\Session\\Middleware\\StartSession->handleStatefulRequest()
#16 C:\\Users\\suporteeco\\Documents\\vsc\\lar\\inicio-laravel-estudo\\hdcevents\\vendor\\laravel\\framework\\src\\Illuminate\\Pipeline\\Pipeline.php(183): Illuminate\\Session\\Middleware\\StartSession->handle()
#17 C:\\Users\\suporteeco\\Documents\\vsc\\lar\\inicio-laravel-estudo\\hdcevents\\vendor\\laravel\\framework\\src\\Illuminate\\Cookie\\Middleware\\AddQueuedCookiesToResponse.php(37): Illuminate\\Pipeline\\Pipeline->Illuminate\\Pipeline\\{closure}()
#18 C:\\Users\\suporteeco\\Documents\\vsc\\lar\\inicio-laravel-estudo\\hdcevents\\vendor\\laravel\\framework\\src\\Illuminate\\Pipeline\\Pipeline.php(183): Illuminate\\Cookie\\Middleware\\AddQueuedCookiesToResponse->handle()
#19 C:\\Users\\suporteeco\\Documents\\vsc\\lar\\inicio-laravel-estudo\\hdcevents\\vendor\\laravel\\framework\\src\\Illuminate\\Cookie\\Middleware\\EncryptCookies.php(75): Illuminate\\Pipeline\\Pipeline->Illuminate\\Pipeline\\{closure}()
#20 C:\\Users\\suporteeco\\Documents\\vsc\\lar\\inicio-laravel-estudo\\hdcevents\\vendor\\laravel\\framework\\src\\Illuminate\\Pipeline\\Pipeline.php(183): Illuminate\\Cookie\\Middleware\\EncryptCookies->handle()
#21 C:\\Users\\suporteeco\\Documents\\vsc\\lar\\inicio-laravel-estudo\\hdcevents\\vendor\\laravel\\framework\\src\\Illuminate\\Pipeline\\Pipeline.php(119): Illuminate\\Pipeline\\Pipeline->Illuminate\\Pipeline\\{closure}()
#22 C:\\Users\\suporteeco\\Documents\\vsc\\lar\\inicio-laravel-estudo\\hdcevents\\vendor\\laravel\\framework\\src\\Illuminate\\Routing\\Router.php(807): Illuminate\\Pipeline\\Pipeline->then()
#23 C:\\Users\\suporteeco\\Documents\\vsc\\lar\\inicio-laravel-estudo\\hdcevents\\vendor\\laravel\\framework\\src\\Illuminate\\Routing\\Router.php(786): Illuminate\\Routing\\Router->runRouteWithinStack()
#24 C:\\Users\\suporteeco\\Documents\\vsc\\lar\\inicio-laravel-estudo\\hdcevents\\vendor\\laravel\\framework\\src\\Illuminate\\Routing\\Router.php(750): Illuminate\\Routing\\Router->runRoute()
#25 C:\\Users\\suporteeco\\Documents\\vsc\\lar\\inicio-laravel-estudo\\hdcevents\\vendor\\laravel\\framework\\src\\Illuminate\\Routing\\Router.php(739): Illuminate\\Routing\\Router->dispatchToRoute()
#26 C:\\Users\\suporteeco\\Documents\\vsc\\lar\\inicio-laravel-estudo\\hdcevents\\vendor\\laravel\\framework\\src\\Illuminate\\Foundation\\Http\\Kernel.php(201): Illuminate\\Routing\\Router->dispatch()
#27 C:\\Users\\suporteeco\\Documents\\vsc\\lar\\inicio-laravel-estudo\\hdcevents\\vendor\\laravel\\framework\\src\\Illuminate\\Pipeline\\Pipeline.php(144): Illuminate\\Foundation\\Http\\Kernel->Illuminate\\Foundation\\Http\\{closure}()
#28 C:\\Users\\suporteeco\\Documents\\vsc\\lar\\inicio-laravel-estudo\\hdcevents\\vendor\\laravel\\framework\\src\\Illuminate\\Foundation\\Http\\Middleware\\TransformsRequest.php(21): Illuminate\\Pipeline\\Pipeline->Illuminate\\Pipeline\\{closure}()
#29 C:\\Users\\suporteeco\\Documents\\vsc\\lar\\inicio-laravel-estudo\\hdcevents\\vendor\\laravel\\framework\\src\\Illuminate\\Foundation\\Http\\Middleware\\ConvertEmptyStringsToNull.php(31): Illuminate\\Foundation\\Http\\Middleware\\TransformsRequest->handle()
#30 C:\\Users\\suporteeco\\Documents\\vsc\\lar\\inicio-laravel-estudo\\hdcevents\\vendor\\laravel\\framework\\src\\Illuminate\\Pipeline\\Pipeline.php(183): Illuminate\\Foundation\\Http\\Middleware\\ConvertEmptyStringsToNull->handle()
#31 C:\\Users\\suporteeco\\Documents\\vsc\\lar\\inicio-laravel-estudo\\hdcevents\\vendor\\laravel\\framework\\src\\Illuminate\\Foundation\\Http\\Middleware\\TransformsRequest.php(21): Illuminate\\Pipeline\\Pipeline->Illuminate\\Pipeline\\{closure}()
#32 C:\\Users\\suporteeco\\Documents\\vsc\\lar\\inicio-laravel-estudo\\hdcevents\\vendor\\laravel\\framework\\src\\Illuminate\\Foundation\\Http\\Middleware\\TrimStrings.php(51): Illuminate\\Foundation\\Http\\Middleware\\TransformsRequest->handle()
#33 C:\\Users\\suporteeco\\Documents\\vsc\\lar\\inicio-laravel-estudo\\hdcevents\\vendor\\laravel\\framework\\src\\Illuminate\\Pipeline\\Pipeline.php(183): Illuminate\\Foundation\\Http\\Middleware\\TrimStrings->handle()
#34 C:\\Users\\suporteeco\\Documents\\vsc\\lar\\inicio-laravel-estudo\\hdcevents\\vendor\\laravel\\framework\\src\\Illuminate\\Http\\Middleware\\ValidatePostSize.php(27): Illuminate\\Pipeline\\Pipeline->Illuminate\\Pipeline\\{closure}()
#35 C:\\Users\\suporteeco\\Documents\\vsc\\lar\\inicio-laravel-estudo\\hdcevents\\vendor\\laravel\\framework\\src\\Illuminate\\Pipeline\\Pipeline.php(183): Illuminate\\Http\\Middleware\\ValidatePostSize->handle()
#36 C:\\Users\\suporteeco\\Documents\\vsc\\lar\\inicio-laravel-estudo\\hdcevents\\vendor\\laravel\\framework\\src\\Illuminate\\Foundation\\Http\\Middleware\\PreventRequestsDuringMaintenance.php(110): Illuminate\\Pipeline\\Pipeline->Illuminate\\Pipeline\\{closure}()
#37 C:\\Users\\suporteeco\\Documents\\vsc\\lar\\inicio-laravel-estudo\\hdcevents\\vendor\\laravel\\framework\\src\\Illuminate\\Pipeline\\Pipeline.php(183): Illuminate\\Foundation\\Http\\Middleware\\PreventRequestsDuringMaintenance->handle()
#38 C:\\Users\\suporteeco\\Documents\\vsc\\lar\\inicio-laravel-estudo\\hdcevents\\vendor\\laravel\\framework\\src\\Illuminate\\Http\\Middleware\\HandleCors.php(49): Illuminate\\Pipeline\\Pipeline->Illuminate\\Pipeline\\{closure}()
#39 C:\\Users\\suporteeco\\Documents\\vsc\\lar\\inicio-laravel-estudo\\hdcevents\\vendor\\laravel\\framework\\src\\Illuminate\\Pipeline\\Pipeline.php(183): Illuminate\\Http\\Middleware\\HandleCors->handle()
#40 C:\\Users\\suporteeco\\Documents\\vsc\\lar\\inicio-laravel-estudo\\hdcevents\\vendor\\laravel\\framework\\src\\Illuminate\\Http\\Middleware\\TrustProxies.php(58): Illuminate\\Pipeline\\Pipeline->Illuminate\\Pipeline\\{closure}()
#41 C:\\Users\\suporteeco\\Documents\\vsc\\lar\\inicio-laravel-estudo\\hdcevents\\vendor\\laravel\\framework\\src\\Illuminate\\Pipeline\\Pipeline.php(183): Illuminate\\Http\\Middleware\\TrustProxies->handle()
#42 C:\\Users\\suporteeco\\Documents\\vsc\\lar\\inicio-laravel-estudo\\hdcevents\\vendor\\laravel\\framework\\src\\Illuminate\\Foundation\\Http\\Middleware\\InvokeDeferredCallbacks.php(22): Illuminate\\Pipeline\\Pipeline->Illuminate\\Pipeline\\{closure}()
#43 C:\\Users\\suporteeco\\Documents\\vsc\\lar\\inicio-laravel-estudo\\hdcevents\\vendor\\laravel\\framework\\src\\Illuminate\\Pipeline\\Pipeline.php(183): Illuminate\\Foundation\\Http\\Middleware\\InvokeDeferredCallbacks->handle()
#44 C:\\Users\\suporteeco\\Documents\\vsc\\lar\\inicio-laravel-estudo\\hdcevents\\vendor\\laravel\\framework\\src\\Illuminate\\Pipeline\\Pipeline.php(119): Illuminate\\Pipeline\\Pipeline->Illuminate\\Pipeline\\{closure}()
#45 C:\\Users\\suporteeco\\Documents\\vsc\\lar\\inicio-laravel-estudo\\hdcevents\\vendor\\laravel\\framework\\src\\Illuminate\\Foundation\\Http\\Kernel.php(176): Illuminate\\Pipeline\\Pipeline->then()
#46 C:\\Users\\suporteeco\\Documents\\vsc\\lar\\inicio-laravel-estudo\\hdcevents\\vendor\\laravel\\framework\\src\\Illuminate\\Foundation\\Http\\Kernel.php(145): Illuminate\\Foundation\\Http\\Kernel->sendRequestThroughRouter()
#47 C:\\Users\\suporteeco\\Documents\\vsc\\lar\\inicio-laravel-estudo\\hdcevents\\vendor\\laravel\\framework\\src\\Illuminate\\Foundation\\Application.php(1188): Illuminate\\Foundation\\Http\\Kernel->handle()
#48 C:\\Users\\suporteeco\\Documents\\vsc\\lar\\inicio-laravel-estudo\\hdcevents\\public\\index.php(17): Illuminate\\Foundation\\Application->handleRequest()
#49 C:\\Users\\suporteeco\\Documents\\vsc\\lar\\inicio-laravel-estudo\\hdcevents\\vendor\\laravel\\framework\\src\\Illuminate\\Foundation\\resources\\server.php(23): require_once('...')
#50 {main}
"} 
